<?xml version="1.0" encoding="UTF-8"?>
<testng-results skipped="0" failed="0" total="1" passed="1">
  <reporter-output>
  </reporter-output>
  <suite name="Default suite" duration-ms="25128" started-at="2021-03-26T06:00:06Z" finished-at="2021-03-26T06:00:32Z">
    <groups>
    </groups>
    <test name="Default test" duration-ms="25128" started-at="2021-03-26T06:00:06Z" finished-at="2021-03-26T06:00:32Z">
      <class name="com.Android.SampleTest.ApiDemosTest">
        <test-method status="PASS" signature="servicestart()[pri:0, instance:com.Android.SampleTest.ApiDemosTest@685cb137]" name="servicestart" is-config="true" duration-ms="7783" started-at="2021-03-26T11:29:59Z" finished-at="2021-03-26T11:30:06Z">
          <reporter-output>
          </reporter-output>
        </test-method> <!-- servicestart -->
        <test-method status="PASS" signature="apidemosTest()[pri:0, instance:com.Android.SampleTest.ApiDemosTest@685cb137]" name="apidemosTest" duration-ms="25066" started-at="2021-03-26T11:30:06Z" finished-at="2021-03-26T11:30:32Z">
          <reporter-output>
          </reporter-output>
        </test-method> <!-- apidemosTest -->
      </class> <!-- com.Android.SampleTest.ApiDemosTest -->
    </test> <!-- Default test -->
  </suite> <!-- Default suite -->
</testng-results>
